<?xml version="1.0" encoding="UTF-8"?>
<!-- Generated by org.testng.reporters.JUnitReportReporter -->
<testsuite hostname="DESKTOP-0NRI35O" failures="0" tests="2" name="com.sauce.testcases.TestCases" time="4.418" errors="0" timestamp="2020-03-14T15:54:03 IST" skipped="0">
  <testcase classname="com.sauce.testcases.TestCases" name="login" time="2.121"/>
  <testcase classname="com.sauce.testcases.TestCases" name="login" time="2.297"/>
</testsuite> <!-- com.sauce.testcases.TestCases -->
