<?xml version="1.0" encoding="UTF-8"?>
<!-- Generated by org.testng.reporters.JUnitReportReporter -->
<testsuite skipped="0" hostname="DESKTOP-E1A827U" name="com.sauce.testcases.TestCases" tests="1" failures="0" timestamp="2020-03-20T08:04:13 IST" time="11.577" errors="0">
  <testcase name="addingoneElement" time="11.577" classname="com.sauce.testcases.TestCases"/>
</testsuite> <!-- com.sauce.testcases.TestCases -->
