<?xml version="1.0" encoding="UTF-8"?>
<!-- Generated by org.testng.reporters.JUnitReportReporter -->
<testsuite skipped="0" hostname="DESKTOP-E1A827U" name="com.sauce.testcases.TestCases" tests="1" failures="0" timestamp="2020-03-13T08:49:54 IST" time="0.324" errors="0">
  <testcase name="login" time="0.324" classname="com.sauce.testcases.TestCases"/>
</testsuite> <!-- com.sauce.testcases.TestCases -->
