<?xml version="1.0" encoding="UTF-8"?>
<!-- Generated by org.testng.reporters.JUnitReportReporter -->
<testsuite hostname="DESKTOP-0NRI35O" failures="0" tests="1" name="com.sauce.base.BaseClass" time="13.474" errors="0" timestamp="2020-03-13T06:38:21 IST" skipped="0">
  <testcase classname="com.sauce.base.BaseClass" name="open_browser" time="13.474"/>
</testsuite> <!-- com.sauce.base.BaseClass -->
