<?xml version="1.0" encoding="UTF-8"?>
<!-- Generated by org.testng.reporters.JUnitReportReporter -->
<testsuite skipped="0" hostname="DESKTOP-E1A827U" name="com.sauce.testcases.TestCases" tests="1" failures="0" timestamp="2020-03-19T07:52:55 IST" time="29.619" errors="0">
  <testcase name="login" time="29.619" classname="com.sauce.testcases.TestCases"/>
</testsuite> <!-- com.sauce.testcases.TestCases -->
