<?xml version="1.0" encoding="UTF-8"?>
<!-- Generated by org.testng.reporters.JUnitReportReporter -->
<testsuite skipped="0" hostname="Dinesh" name="com.sauce.testcases.TestCases" tests="1" failures="0" timestamp="2020-04-12T09:54:52 IST" time="5.782" errors="0">
  <testcase name="addingoneElement" time="5.782" classname="com.sauce.testcases.TestCases"/>
</testsuite> <!-- com.sauce.testcases.TestCases -->
