<?xml version="1.0" encoding="UTF-8"?>
<!-- Generated by org.testng.reporters.JUnitReportReporter -->
<testsuite skipped="0" hostname="DESKTOP-E1A827U" name="com.sauce.base.BaseClass" tests="1" failures="0" timestamp="2020-03-13T07:10:21 IST" time="36.188" errors="0">
  <testcase name="open_browser" time="36.188" classname="com.sauce.base.BaseClass"/>
</testsuite> <!-- com.sauce.base.BaseClass -->
