<?xml version="1.0" encoding="UTF-8"?>
<!-- Generated by org.testng.reporters.JUnitReportReporter -->
<testsuite hostname="DESKTOP-0NRI35O" failures="0" tests="2" name="com.sauce.testcases.TestCases" time="4.434" errors="0" timestamp="2020-03-14T20:15:28 IST" skipped="0">
  <testcase classname="com.sauce.testcases.TestCases" name="login" time="2.267"/>
  <testcase classname="com.sauce.testcases.TestCases" name="login" time="2.167"/>
</testsuite> <!-- com.sauce.testcases.TestCases -->
