<?xml version="1.0" encoding="UTF-8"?>
<!-- Generated by org.testng.reporters.JUnitReportReporter -->
<testsuite hostname="DESKTOP-0NRI35O" failures="0" tests="1" name="com.sauce.testcases.TestCases" time="5.444" errors="0" timestamp="2020-03-20T07:45:19 IST" skipped="0">
  <testcase classname="com.sauce.testcases.TestCases" name="addingoneElement" time="5.444"/>
</testsuite> <!-- com.sauce.testcases.TestCases -->
